<?xml version="1.0" encoding="UTF-8"?>
<!-- Generated by org.testng.reporters.JUnitReportReporter -->
<testsuite skipped="0" hostname="LAPTOP-HC64QLTM" name="com.student.tests.CurdTest" tests="3" failures="0" timestamp="2019-12-15T17:50:58 IST" time="3.792" errors="0">
  <testcase name="testThree" time="0.006" classname="com.student.tests.CurdTest"/>
  <testcase name="getAllStudents" time="0.194" classname="com.student.tests.CurdTest"/>
  <testcase name="createNewStudent" time="3.592" classname="com.student.tests.CurdTest"/>
</testsuite> <!-- com.student.tests.CurdTest -->
